C:\USERS\VANYA\DOCUMENTS\VISUAL STUDIO 2012\PROJECTS\CARDETECT\CARDETECT\DEBUG\ADAPTIVEMEDIANBGS.OBJ
C:\USERS\VANYA\DOCUMENTS\VISUAL STUDIO 2012\PROJECTS\CARDETECT\CARDETECT\DEBUG\CARCOUNTER.OBJ
C:\USERS\VANYA\DOCUMENTS\VISUAL STUDIO 2012\PROJECTS\CARDETECT\CARDETECT\DEBUG\DPADAPTIVEMEDIANBGS.OBJ
C:\USERS\VANYA\DOCUMENTS\VISUAL STUDIO 2012\PROJECTS\CARDETECT\CARDETECT\DEBUG\FRAMEDIFFERENCEBGS.OBJ
C:\USERS\VANYA\DOCUMENTS\VISUAL STUDIO 2012\PROJECTS\CARDETECT\CARDETECT\DEBUG\IMAGE.OBJ
C:\USERS\VANYA\DOCUMENTS\VISUAL STUDIO 2012\PROJECTS\CARDETECT\CARDETECT\DEBUG\MAIN.OBJ
C:\USERS\VANYA\DOCUMENTS\VISUAL STUDIO 2012\PROJECTS\CARDETECT\CARDETECT\DEBUG\RUNWRAPPER.OBJ
C:\USERS\VANYA\DOCUMENTS\VISUAL STUDIO 2012\PROJECTS\CARDETECT\CARDETECT\DEBUG\VC110.PDB
C:\USERS\VANYA\DOCUMENTS\VISUAL STUDIO 2012\PROJECTS\CARDETECT\CARDETECT\DEBUG\SQLITE3.OBJ
C:\USERS\VANYA\DOCUMENTS\VISUAL STUDIO 2012\PROJECTS\CARDETECT\DEBUG\CARDETECT.ILK
C:\USERS\VANYA\DOCUMENTS\VISUAL STUDIO 2012\PROJECTS\CARDETECT\DEBUG\CARDETECT.EXE
C:\USERS\VANYA\DOCUMENTS\VISUAL STUDIO 2012\PROJECTS\CARDETECT\DEBUG\CARDETECT.PDB
C:\Users\Vanya\Documents\Visual Studio 2012\Projects\CarDetect\CarDetect\Debug\AdaptiveMedianBGS.obj
C:\Users\Vanya\Documents\Visual Studio 2012\Projects\CarDetect\CarDetect\Debug\carCounter.obj
C:\Users\Vanya\Documents\Visual Studio 2012\Projects\CarDetect\CarDetect\Debug\DPAdaptiveMedianBGS.obj
C:\Users\Vanya\Documents\Visual Studio 2012\Projects\CarDetect\CarDetect\Debug\FrameDifferenceBGS.obj
C:\Users\Vanya\Documents\Visual Studio 2012\Projects\CarDetect\CarDetect\Debug\Image.obj
C:\Users\Vanya\Documents\Visual Studio 2012\Projects\CarDetect\CarDetect\Debug\main.obj
C:\Users\Vanya\Documents\Visual Studio 2012\Projects\CarDetect\CarDetect\Debug\runWrapper.obj
C:\Users\Vanya\Documents\Visual Studio 2012\Projects\CarDetect\CarDetect\Debug\sqlite3.obj
C:\Users\Vanya\Documents\Visual Studio 2012\Projects\CarDetect\CarDetect\Debug\cl.command.1.tlog
C:\Users\Vanya\Documents\Visual Studio 2012\Projects\CarDetect\CarDetect\Debug\CL.read.1.tlog
C:\Users\Vanya\Documents\Visual Studio 2012\Projects\CarDetect\CarDetect\Debug\CL.write.1.tlog
C:\Users\Vanya\Documents\Visual Studio 2012\Projects\CarDetect\CarDetect\Debug\link-cvtres.read.1.tlog
C:\Users\Vanya\Documents\Visual Studio 2012\Projects\CarDetect\CarDetect\Debug\link-cvtres.write.1.tlog
C:\Users\Vanya\Documents\Visual Studio 2012\Projects\CarDetect\CarDetect\Debug\link-rc.read.1.tlog
C:\Users\Vanya\Documents\Visual Studio 2012\Projects\CarDetect\CarDetect\Debug\link-rc.write.1.tlog
C:\Users\Vanya\Documents\Visual Studio 2012\Projects\CarDetect\CarDetect\Debug\link.command.1.tlog
C:\Users\Vanya\Documents\Visual Studio 2012\Projects\CarDetect\CarDetect\Debug\link.read.1.tlog
C:\Users\Vanya\Documents\Visual Studio 2012\Projects\CarDetect\CarDetect\Debug\link.write.1.tlog
C:\Users\Vanya\Documents\Visual Studio 2012\Projects\CarDetect\CarDetect\Debug\vc110.idb
C:\Users\Vanya\Documents\Visual Studio 2012\Projects\CarDetect\CarDetect\Debug\vc110.pdb
C:\Users\Vanya\Documents\Visual Studio 2012\Projects\CarDetect\Debug\CarDetect.pdb
C:\Users\Vanya\Documents\Visual Studio 2012\Projects\CarDetect\Debug\CarDetect.exe
C:\Users\Vanya\Documents\Visual Studio 2012\Projects\CarDetect\Debug\CarDetect.ilk
