Build started 3/13/2015 3:59:39 PM.
     1>Project "C:\Users\Vanya\Documents\Visual Studio 2012\Projects\CarDetect\CarDetect\CarDetect.vcxproj" on node 2 (Build target(s)).
     1>ClCompile:
         C:\Program Files (x86)\Microsoft Visual Studio 11.0\VC\bin\CL.exe /c /IC:\Users\Vanya\Documents\Work\opencv\buildv4\install\include /Zi /nologo /W3 /WX- /O2 /Oi /Oy- /GL /D WIN32 /D NDEBUG /D _CONSOLE /D _UNICODE /D UNICODE /Gm- /EHsc /MD /GS /Gy /fp:precise /Zc:wchar_t /Zc:forScope /Fo"Release\\" /Fd"Release\vc110.pdb" /Gd /TP /analyze- /errorReport:prompt carCounter.cpp
         carCounter.cpp
     1>carCounter.cpp(56): warning C4018: '<' : signed/unsigned mismatch
     1>carCounter.cpp(59): warning C4996: 'itoa': The POSIX name for this item is deprecated. Instead, use the ISO C++ conformant name: _itoa. See online help for details.
                 C:\Program Files (x86)\Microsoft Visual Studio 11.0\VC\include\stdlib.h(909) : see declaration of 'itoa'
     1>carCounter.cpp(62): warning C4996: 'itoa': The POSIX name for this item is deprecated. Instead, use the ISO C++ conformant name: _itoa. See online help for details.
                 C:\Program Files (x86)\Microsoft Visual Studio 11.0\VC\include\stdlib.h(909) : see declaration of 'itoa'
     1>carCounter.cpp(65): warning C4996: 'strcpy': This function or variable may be unsafe. Consider using strcpy_s instead. To disable deprecation, use _CRT_SECURE_NO_WARNINGS. See online help for details.
                 C:\Program Files (x86)\Microsoft Visual Studio 11.0\VC\include\string.h(110) : see declaration of 'strcpy'
     1>carCounter.cpp(66): warning C4018: '<' : signed/unsigned mismatch
     1>carCounter.cpp(67): warning C4996: 'itoa': The POSIX name for this item is deprecated. Instead, use the ISO C++ conformant name: _itoa. See online help for details.
                 C:\Program Files (x86)\Microsoft Visual Studio 11.0\VC\include\stdlib.h(909) : see declaration of 'itoa'
     1>carCounter.cpp(69): warning C4996: 'strncat': This function or variable may be unsafe. Consider using strncat_s instead. To disable deprecation, use _CRT_SECURE_NO_WARNINGS. See online help for details.
                 C:\Program Files (x86)\Microsoft Visual Studio 11.0\VC\include\string.h(182) : see declaration of 'strncat'
     1>carCounter.cpp(70): warning C4996: 'strncat': This function or variable may be unsafe. Consider using strncat_s instead. To disable deprecation, use _CRT_SECURE_NO_WARNINGS. See online help for details.
                 C:\Program Files (x86)\Microsoft Visual Studio 11.0\VC\include\string.h(182) : see declaration of 'strncat'
     1>carCounter.cpp(72): warning C4996: 'strncat': This function or variable may be unsafe. Consider using strncat_s instead. To disable deprecation, use _CRT_SECURE_NO_WARNINGS. See online help for details.
                 C:\Program Files (x86)\Microsoft Visual Studio 11.0\VC\include\string.h(182) : see declaration of 'strncat'
     1>carCounter.cpp(73): warning C4996: 'strncat': This function or variable may be unsafe. Consider using strncat_s instead. To disable deprecation, use _CRT_SECURE_NO_WARNINGS. See online help for details.
                 C:\Program Files (x86)\Microsoft Visual Studio 11.0\VC\include\string.h(182) : see declaration of 'strncat'
     1>carCounter.cpp(78): warning C4996: 'strcpy': This function or variable may be unsafe. Consider using strcpy_s instead. To disable deprecation, use _CRT_SECURE_NO_WARNINGS. See online help for details.
                 C:\Program Files (x86)\Microsoft Visual Studio 11.0\VC\include\string.h(110) : see declaration of 'strcpy'
     1>carCounter.cpp(79): warning C4996: 'strncat': This function or variable may be unsafe. Consider using strncat_s instead. To disable deprecation, use _CRT_SECURE_NO_WARNINGS. See online help for details.
                 C:\Program Files (x86)\Microsoft Visual Studio 11.0\VC\include\string.h(182) : see declaration of 'strncat'
     1>carCounter.cpp(80): warning C4996: 'strncat': This function or variable may be unsafe. Consider using strncat_s instead. To disable deprecation, use _CRT_SECURE_NO_WARNINGS. See online help for details.
                 C:\Program Files (x86)\Microsoft Visual Studio 11.0\VC\include\string.h(182) : see declaration of 'strncat'
     1>carCounter.cpp(85): warning C4996: 'strcpy': This function or variable may be unsafe. Consider using strcpy_s instead. To disable deprecation, use _CRT_SECURE_NO_WARNINGS. See online help for details.
                 C:\Program Files (x86)\Microsoft Visual Studio 11.0\VC\include\string.h(110) : see declaration of 'strcpy'
     1>carCounter.cpp(86): warning C4996: 'strncat': This function or variable may be unsafe. Consider using strncat_s instead. To disable deprecation, use _CRT_SECURE_NO_WARNINGS. See online help for details.
                 C:\Program Files (x86)\Microsoft Visual Studio 11.0\VC\include\string.h(182) : see declaration of 'strncat'
     1>carCounter.cpp(87): warning C4996: 'strncat': This function or variable may be unsafe. Consider using strncat_s instead. To disable deprecation, use _CRT_SECURE_NO_WARNINGS. See online help for details.
                 C:\Program Files (x86)\Microsoft Visual Studio 11.0\VC\include\string.h(182) : see declaration of 'strncat'
     1>carCounter.cpp(88): warning C4996: 'strncat': This function or variable may be unsafe. Consider using strncat_s instead. To disable deprecation, use _CRT_SECURE_NO_WARNINGS. See online help for details.
                 C:\Program Files (x86)\Microsoft Visual Studio 11.0\VC\include\string.h(182) : see declaration of 'strncat'
     1>carCounter.cpp(89): warning C4996: 'strncat': This function or variable may be unsafe. Consider using strncat_s instead. To disable deprecation, use _CRT_SECURE_NO_WARNINGS. See online help for details.
                 C:\Program Files (x86)\Microsoft Visual Studio 11.0\VC\include\string.h(182) : see declaration of 'strncat'
     1>carCounter.cpp(90): warning C4996: 'strncat': This function or variable may be unsafe. Consider using strncat_s instead. To disable deprecation, use _CRT_SECURE_NO_WARNINGS. See online help for details.
                 C:\Program Files (x86)\Microsoft Visual Studio 11.0\VC\include\string.h(182) : see declaration of 'strncat'
     1>carCounter.cpp(91): warning C4996: 'strncat': This function or variable may be unsafe. Consider using strncat_s instead. To disable deprecation, use _CRT_SECURE_NO_WARNINGS. See online help for details.
                 C:\Program Files (x86)\Microsoft Visual Studio 11.0\VC\include\string.h(182) : see declaration of 'strncat'
     1>carCounter.cpp(92): warning C4996: 'strncat': This function or variable may be unsafe. Consider using strncat_s instead. To disable deprecation, use _CRT_SECURE_NO_WARNINGS. See online help for details.
                 C:\Program Files (x86)\Microsoft Visual Studio 11.0\VC\include\string.h(182) : see declaration of 'strncat'
     1>carCounter.cpp(93): warning C4996: 'strncat': This function or variable may be unsafe. Consider using strncat_s instead. To disable deprecation, use _CRT_SECURE_NO_WARNINGS. See online help for details.
                 C:\Program Files (x86)\Microsoft Visual Studio 11.0\VC\include\string.h(182) : see declaration of 'strncat'
     1>carCounter.cpp(94): warning C4996: 'strncat': This function or variable may be unsafe. Consider using strncat_s instead. To disable deprecation, use _CRT_SECURE_NO_WARNINGS. See online help for details.
                 C:\Program Files (x86)\Microsoft Visual Studio 11.0\VC\include\string.h(182) : see declaration of 'strncat'
     1>carCounter.cpp(95): warning C4996: 'strncat': This function or variable may be unsafe. Consider using strncat_s instead. To disable deprecation, use _CRT_SECURE_NO_WARNINGS. See online help for details.
                 C:\Program Files (x86)\Microsoft Visual Studio 11.0\VC\include\string.h(182) : see declaration of 'strncat'
     1>carCounter.cpp(130): warning C4018: '<' : signed/unsigned mismatch
     1>carCounter.cpp(174): warning C4018: '<' : signed/unsigned mismatch
     1>carCounter.cpp(176): error C2065: 'val' : undeclared identifier
     1>carCounter.cpp(224): warning C4018: '<' : signed/unsigned mismatch
     1>carCounter.cpp(225): error C2065: 'val' : undeclared identifier
     1>carCounter.cpp(228): warning C4018: '<' : signed/unsigned mismatch
     1>carCounter.cpp(256): warning C4018: '<' : signed/unsigned mismatch
     1>carCounter.cpp(259): warning C4018: '<' : signed/unsigned mismatch
     1>carCounter.cpp(296): warning C4018: '<' : signed/unsigned mismatch
     1>carCounter.cpp(343): warning C4244: 'argument' : conversion from 'double' to 'float', possible loss of data
     1>carCounter.cpp(379): warning C4018: '<' : signed/unsigned mismatch
     1>carCounter.cpp(385): warning C4244: 'argument' : conversion from 'double' to 'int', possible loss of data
     1>carCounter.cpp(392): warning C4244: 'argument' : conversion from 'float' to 'int', possible loss of data
     1>carCounter.cpp(392): warning C4244: 'argument' : conversion from 'double' to 'int', possible loss of data
     1>carCounter.cpp(398): warning C4244: 'argument' : conversion from 'double' to 'int', possible loss of data
     1>carCounter.cpp(405): warning C4244: 'argument' : conversion from 'float' to 'int', possible loss of data
     1>carCounter.cpp(405): warning C4244: 'argument' : conversion from 'double' to 'int', possible loss of data
     1>carCounter.cpp(412): warning C4018: '<' : signed/unsigned mismatch
     1>carCounter.cpp(419): warning C4018: '<' : signed/unsigned mismatch
     1>carCounter.cpp(424): warning C4018: '<' : signed/unsigned mismatch
     1>carCounter.cpp(434): warning C4018: '<' : signed/unsigned mismatch
     1>carCounter.cpp(436): warning C4018: '<' : signed/unsigned mismatch
     1>carCounter.cpp(451): warning C4018: '>' : signed/unsigned mismatch
     1>carCounter.cpp(453): warning C4018: '<' : signed/unsigned mismatch
     1>carCounter.cpp(470): warning C4244: 'argument' : conversion from 'double' to 'int', possible loss of data
     1>carCounter.cpp(473): warning C4244: 'argument' : conversion from 'double' to 'int', possible loss of data
     1>carCounter.cpp(476): warning C4244: 'argument' : conversion from 'double' to 'int', possible loss of data
     1>carCounter.cpp(478): warning C4018: '<' : signed/unsigned mismatch
     1>carCounter.cpp(480): warning C4244: 'argument' : conversion from 'double' to 'int', possible loss of data
     1>carCounter.cpp(597): warning C4018: '<' : signed/unsigned mismatch
     1>Done Building Project "C:\Users\Vanya\Documents\Visual Studio 2012\Projects\CarDetect\CarDetect\CarDetect.vcxproj" (Build target(s)) -- FAILED.

Build FAILED.

Time Elapsed 00:00:01.16
