C:\USERS\VANYA\DOCUMENTS\VISUAL STUDIO 2012\PROJECTS\CARDETECT\CARDETECT\RELEASE\SQLITE3.OBJ
C:\USERS\VANYA\DOCUMENTS\VISUAL STUDIO 2012\PROJECTS\CARDETECT\CARDETECT\RELEASE\VC110.PDB
C:\USERS\VANYA\DOCUMENTS\VISUAL STUDIO 2012\PROJECTS\CARDETECT\CARDETECT\RELEASE\MOTION_TRACKER.OBJ
C:\USERS\VANYA\DOCUMENTS\VISUAL STUDIO 2012\PROJECTS\CARDETECT\RELEASE\CARDETECT.EXE
C:\USERS\VANYA\DOCUMENTS\VISUAL STUDIO 2012\PROJECTS\CARDETECT\RELEASE\CARDETECT.PDB
C:\Users\Vanya\Documents\Visual Studio 2012\Projects\CarDetect\CarDetect\Release\carCounter.obj
C:\Users\Vanya\Documents\Visual Studio 2012\Projects\CarDetect\CarDetect\Release\main.obj
C:\Users\Vanya\Documents\Visual Studio 2012\Projects\CarDetect\CarDetect\Release\motion_tracker.obj
C:\Users\Vanya\Documents\Visual Studio 2012\Projects\CarDetect\CarDetect\Release\sqlite3.obj
C:\Users\Vanya\Documents\Visual Studio 2012\Projects\CarDetect\CarDetect\Release\cl.command.1.tlog
C:\Users\Vanya\Documents\Visual Studio 2012\Projects\CarDetect\CarDetect\Release\CL.read.1.tlog
C:\Users\Vanya\Documents\Visual Studio 2012\Projects\CarDetect\CarDetect\Release\CL.write.1.tlog
C:\Users\Vanya\Documents\Visual Studio 2012\Projects\CarDetect\CarDetect\Release\link-cvtres.read.1.tlog
C:\Users\Vanya\Documents\Visual Studio 2012\Projects\CarDetect\CarDetect\Release\link-cvtres.write.1.tlog
C:\Users\Vanya\Documents\Visual Studio 2012\Projects\CarDetect\CarDetect\Release\link-rc.read.1.tlog
C:\Users\Vanya\Documents\Visual Studio 2012\Projects\CarDetect\CarDetect\Release\link-rc.write.1.tlog
C:\Users\Vanya\Documents\Visual Studio 2012\Projects\CarDetect\CarDetect\Release\link.command.1.tlog
C:\Users\Vanya\Documents\Visual Studio 2012\Projects\CarDetect\CarDetect\Release\link.read.1.tlog
C:\Users\Vanya\Documents\Visual Studio 2012\Projects\CarDetect\CarDetect\Release\link.write.1.tlog
C:\Users\Vanya\Documents\Visual Studio 2012\Projects\CarDetect\CarDetect\Release\vc110.pdb
C:\Users\Vanya\Documents\Visual Studio 2012\Projects\CarDetect\Release\CarDetect.pdb
C:\Users\Vanya\Documents\Visual Studio 2012\Projects\CarDetect\Release\CarDetect.exe
